<?xml version="1.0" encoding="UTF-8"?>
<testsuite xmlns:xsi="http://www.w3.org/2001/XMLSchema-instance" xsi:noNamespaceSchemaLocation="https://maven.apache.org/surefire/maven-surefire-plugin/xsd/surefire-test-report.xsd" name="com.save.SpringbootMybatisApplicationTests" time="7.489" tests="1" errors="0" skipped="0" failures="0">
  <properties>
    <property name="sun.desktop" value="windows"/>
    <property name="awt.toolkit" value="sun.awt.windows.WToolkit"/>
    <property name="file.encoding.pkg" value="sun.io"/>
    <property name="java.specification.version" value="1.8"/>
    <property name="sun.cpu.isalist" value="amd64"/>
    <property name="sun.jnu.encoding" value="GBK"/>
    <property name="java.class.path" value="D:\GitCode\webapp\webapp\save\target\test-classes;D:\GitCode\webapp\webapp\save\target\classes;D:\javaEE\apache-maven-3.5.2-bin\maven_repository\maven_repository\com\alibaba\fastjson\1.2.47\fastjson-1.2.47.jar;D:\javaEE\apache-maven-3.5.2-bin\maven_repository\maven_repository\org\springframework\boot\spring-boot-starter-data-redis\2.0.1.RELEASE\spring-boot-starter-data-redis-2.0.1.RELEASE.jar;D:\javaEE\apache-maven-3.5.2-bin\maven_repository\maven_repository\org\springframework\boot\spring-boot-starter\2.0.1.RELEASE\spring-boot-starter-2.0.1.RELEASE.jar;D:\javaEE\apache-maven-3.5.2-bin\maven_repository\maven_repository\org\springframework\boot\spring-boot-starter-logging\2.0.1.RELEASE\spring-boot-starter-logging-2.0.1.RELEASE.jar;D:\javaEE\apache-maven-3.5.2-bin\maven_repository\maven_repository\ch\qos\logback\logback-classic\1.2.3\logback-classic-1.2.3.jar;D:\javaEE\apache-maven-3.5.2-bin\maven_repository\maven_repository\ch\qos\logback\logback-core\1.2.3\logback-core-1.2.3.jar;D:\javaEE\apache-maven-3.5.2-bin\maven_repository\maven_repository\org\apache\logging\log4j\log4j-to-slf4j\2.10.0\log4j-to-slf4j-2.10.0.jar;D:\javaEE\apache-maven-3.5.2-bin\maven_repository\maven_repository\org\apache\logging\log4j\log4j-api\2.10.0\log4j-api-2.10.0.jar;D:\javaEE\apache-maven-3.5.2-bin\maven_repository\maven_repository\org\slf4j\jul-to-slf4j\1.7.25\jul-to-slf4j-1.7.25.jar;D:\javaEE\apache-maven-3.5.2-bin\maven_repository\maven_repository\javax\annotation\javax.annotation-api\1.3.2\javax.annotation-api-1.3.2.jar;D:\javaEE\apache-maven-3.5.2-bin\maven_repository\maven_repository\org\yaml\snakeyaml\1.19\snakeyaml-1.19.jar;D:\javaEE\apache-maven-3.5.2-bin\maven_repository\maven_repository\org\springframework\data\spring-data-redis\2.0.6.RELEASE\spring-data-redis-2.0.6.RELEASE.jar;D:\javaEE\apache-maven-3.5.2-bin\maven_repository\maven_repository\org\springframework\data\spring-data-keyvalue\2.0.6.RELEASE\spring-data-keyvalue-2.0.6.RELEASE.jar;D:\javaEE\apache-maven-3.5.2-bin\maven_repository\maven_repository\org\springframework\data\spring-data-commons\2.0.6.RELEASE\spring-data-commons-2.0.6.RELEASE.jar;D:\javaEE\apache-maven-3.5.2-bin\maven_repository\maven_repository\org\springframework\spring-tx\5.0.5.RELEASE\spring-tx-5.0.5.RELEASE.jar;D:\javaEE\apache-maven-3.5.2-bin\maven_repository\maven_repository\org\springframework\spring-oxm\5.0.5.RELEASE\spring-oxm-5.0.5.RELEASE.jar;D:\javaEE\apache-maven-3.5.2-bin\maven_repository\maven_repository\org\springframework\spring-aop\5.0.5.RELEASE\spring-aop-5.0.5.RELEASE.jar;D:\javaEE\apache-maven-3.5.2-bin\maven_repository\maven_repository\org\springframework\spring-context-support\5.0.5.RELEASE\spring-context-support-5.0.5.RELEASE.jar;D:\javaEE\apache-maven-3.5.2-bin\maven_repository\maven_repository\org\slf4j\slf4j-api\1.7.25\slf4j-api-1.7.25.jar;D:\javaEE\apache-maven-3.5.2-bin\maven_repository\maven_repository\io\lettuce\lettuce-core\5.0.3.RELEASE\lettuce-core-5.0.3.RELEASE.jar;D:\javaEE\apache-maven-3.5.2-bin\maven_repository\maven_repository\io\projectreactor\reactor-core\3.1.6.RELEASE\reactor-core-3.1.6.RELEASE.jar;D:\javaEE\apache-maven-3.5.2-bin\maven_repository\maven_repository\org\reactivestreams\reactive-streams\1.0.2\reactive-streams-1.0.2.jar;D:\javaEE\apache-maven-3.5.2-bin\maven_repository\maven_repository\io\netty\netty-common\4.1.23.Final\netty-common-4.1.23.Final.jar;D:\javaEE\apache-maven-3.5.2-bin\maven_repository\maven_repository\io\netty\netty-transport\4.1.23.Final\netty-transport-4.1.23.Final.jar;D:\javaEE\apache-maven-3.5.2-bin\maven_repository\maven_repository\io\netty\netty-buffer\4.1.23.Final\netty-buffer-4.1.23.Final.jar;D:\javaEE\apache-maven-3.5.2-bin\maven_repository\maven_repository\io\netty\netty-resolver\4.1.23.Final\netty-resolver-4.1.23.Final.jar;D:\javaEE\apache-maven-3.5.2-bin\maven_repository\maven_repository\io\netty\netty-handler\4.1.23.Final\netty-handler-4.1.23.Final.jar;D:\javaEE\apache-maven-3.5.2-bin\maven_repository\maven_repository\io\netty\netty-codec\4.1.23.Final\netty-codec-4.1.23.Final.jar;D:\javaEE\apache-maven-3.5.2-bin\maven_repository\maven_repository\org\springframework\boot\spring-boot-starter-web\2.0.1.RELEASE\spring-boot-starter-web-2.0.1.RELEASE.jar;D:\javaEE\apache-maven-3.5.2-bin\maven_repository\maven_repository\org\springframework\boot\spring-boot-starter-json\2.0.1.RELEASE\spring-boot-starter-json-2.0.1.RELEASE.jar;D:\javaEE\apache-maven-3.5.2-bin\maven_repository\maven_repository\com\fasterxml\jackson\core\jackson-databind\2.9.5\jackson-databind-2.9.5.jar;D:\javaEE\apache-maven-3.5.2-bin\maven_repository\maven_repository\com\fasterxml\jackson\core\jackson-annotations\2.9.0\jackson-annotations-2.9.0.jar;D:\javaEE\apache-maven-3.5.2-bin\maven_repository\maven_repository\com\fasterxml\jackson\core\jackson-core\2.9.5\jackson-core-2.9.5.jar;D:\javaEE\apache-maven-3.5.2-bin\maven_repository\maven_repository\com\fasterxml\jackson\datatype\jackson-datatype-jdk8\2.9.5\jackson-datatype-jdk8-2.9.5.jar;D:\javaEE\apache-maven-3.5.2-bin\maven_repository\maven_repository\com\fasterxml\jackson\datatype\jackson-datatype-jsr310\2.9.5\jackson-datatype-jsr310-2.9.5.jar;D:\javaEE\apache-maven-3.5.2-bin\maven_repository\maven_repository\com\fasterxml\jackson\module\jackson-module-parameter-names\2.9.5\jackson-module-parameter-names-2.9.5.jar;D:\javaEE\apache-maven-3.5.2-bin\maven_repository\maven_repository\org\springframework\boot\spring-boot-starter-tomcat\2.0.1.RELEASE\spring-boot-starter-tomcat-2.0.1.RELEASE.jar;D:\javaEE\apache-maven-3.5.2-bin\maven_repository\maven_repository\org\apache\tomcat\embed\tomcat-embed-core\8.5.29\tomcat-embed-core-8.5.29.jar;D:\javaEE\apache-maven-3.5.2-bin\maven_repository\maven_repository\org\apache\tomcat\embed\tomcat-embed-el\8.5.29\tomcat-embed-el-8.5.29.jar;D:\javaEE\apache-maven-3.5.2-bin\maven_repository\maven_repository\org\apache\tomcat\embed\tomcat-embed-websocket\8.5.29\tomcat-embed-websocket-8.5.29.jar;D:\javaEE\apache-maven-3.5.2-bin\maven_repository\maven_repository\org\hibernate\validator\hibernate-validator\6.0.9.Final\hibernate-validator-6.0.9.Final.jar;D:\javaEE\apache-maven-3.5.2-bin\maven_repository\maven_repository\javax\validation\validation-api\2.0.1.Final\validation-api-2.0.1.Final.jar;D:\javaEE\apache-maven-3.5.2-bin\maven_repository\maven_repository\org\jboss\logging\jboss-logging\3.3.2.Final\jboss-logging-3.3.2.Final.jar;D:\javaEE\apache-maven-3.5.2-bin\maven_repository\maven_repository\com\fasterxml\classmate\1.3.4\classmate-1.3.4.jar;D:\javaEE\apache-maven-3.5.2-bin\maven_repository\maven_repository\org\springframework\spring-web\5.0.5.RELEASE\spring-web-5.0.5.RELEASE.jar;D:\javaEE\apache-maven-3.5.2-bin\maven_repository\maven_repository\org\springframework\spring-beans\5.0.5.RELEASE\spring-beans-5.0.5.RELEASE.jar;D:\javaEE\apache-maven-3.5.2-bin\maven_repository\maven_repository\org\springframework\spring-webmvc\5.0.5.RELEASE\spring-webmvc-5.0.5.RELEASE.jar;D:\javaEE\apache-maven-3.5.2-bin\maven_repository\maven_repository\org\springframework\spring-context\5.0.5.RELEASE\spring-context-5.0.5.RELEASE.jar;D:\javaEE\apache-maven-3.5.2-bin\maven_repository\maven_repository\org\springframework\spring-expression\5.0.5.RELEASE\spring-expression-5.0.5.RELEASE.jar;D:\javaEE\apache-maven-3.5.2-bin\maven_repository\maven_repository\org\springframework\boot\spring-boot-starter-test\2.0.1.RELEASE\spring-boot-starter-test-2.0.1.RELEASE.jar;D:\javaEE\apache-maven-3.5.2-bin\maven_repository\maven_repository\org\springframework\boot\spring-boot-test\2.0.1.RELEASE\spring-boot-test-2.0.1.RELEASE.jar;D:\javaEE\apache-maven-3.5.2-bin\maven_repository\maven_repository\org\springframework\boot\spring-boot-test-autoconfigure\2.0.1.RELEASE\spring-boot-test-autoconfigure-2.0.1.RELEASE.jar;D:\javaEE\apache-maven-3.5.2-bin\maven_repository\maven_repository\com\jayway\jsonpath\json-path\2.4.0\json-path-2.4.0.jar;D:\javaEE\apache-maven-3.5.2-bin\maven_repository\maven_repository\net\minidev\json-smart\2.3\json-smart-2.3.jar;D:\javaEE\apache-maven-3.5.2-bin\maven_repository\maven_repository\net\minidev\accessors-smart\1.2\accessors-smart-1.2.jar;D:\javaEE\apache-maven-3.5.2-bin\maven_repository\maven_repository\org\ow2\asm\asm\5.0.4\asm-5.0.4.jar;D:\javaEE\apache-maven-3.5.2-bin\maven_repository\maven_repository\junit\junit\4.12\junit-4.12.jar;D:\javaEE\apache-maven-3.5.2-bin\maven_repository\maven_repository\org\assertj\assertj-core\3.9.1\assertj-core-3.9.1.jar;D:\javaEE\apache-maven-3.5.2-bin\maven_repository\maven_repository\org\mockito\mockito-core\2.15.0\mockito-core-2.15.0.jar;D:\javaEE\apache-maven-3.5.2-bin\maven_repository\maven_repository\net\bytebuddy\byte-buddy\1.7.11\byte-buddy-1.7.11.jar;D:\javaEE\apache-maven-3.5.2-bin\maven_repository\maven_repository\net\bytebuddy\byte-buddy-agent\1.7.11\byte-buddy-agent-1.7.11.jar;D:\javaEE\apache-maven-3.5.2-bin\maven_repository\maven_repository\org\objenesis\objenesis\2.6\objenesis-2.6.jar;D:\javaEE\apache-maven-3.5.2-bin\maven_repository\maven_repository\org\hamcrest\hamcrest-core\1.3\hamcrest-core-1.3.jar;D:\javaEE\apache-maven-3.5.2-bin\maven_repository\maven_repository\org\hamcrest\hamcrest-library\1.3\hamcrest-library-1.3.jar;D:\javaEE\apache-maven-3.5.2-bin\maven_repository\maven_repository\org\skyscreamer\jsonassert\1.5.0\jsonassert-1.5.0.jar;D:\javaEE\apache-maven-3.5.2-bin\maven_repository\maven_repository\com\vaadin\external\google\android-json\0.0.20131108.vaadin1\android-json-0.0.20131108.vaadin1.jar;D:\javaEE\apache-maven-3.5.2-bin\maven_repository\maven_repository\org\springframework\spring-core\5.0.5.RELEASE\spring-core-5.0.5.RELEASE.jar;D:\javaEE\apache-maven-3.5.2-bin\maven_repository\maven_repository\org\springframework\spring-jcl\5.0.5.RELEASE\spring-jcl-5.0.5.RELEASE.jar;D:\javaEE\apache-maven-3.5.2-bin\maven_repository\maven_repository\org\springframework\spring-test\5.0.5.RELEASE\spring-test-5.0.5.RELEASE.jar;D:\javaEE\apache-maven-3.5.2-bin\maven_repository\maven_repository\org\xmlunit\xmlunit-core\2.5.1\xmlunit-core-2.5.1.jar;D:\javaEE\apache-maven-3.5.2-bin\maven_repository\maven_repository\org\springframework\boot\spring-boot-devtools\2.0.1.RELEASE\spring-boot-devtools-2.0.1.RELEASE.jar;D:\javaEE\apache-maven-3.5.2-bin\maven_repository\maven_repository\org\springframework\boot\spring-boot\2.0.1.RELEASE\spring-boot-2.0.1.RELEASE.jar;D:\javaEE\apache-maven-3.5.2-bin\maven_repository\maven_repository\org\springframework\boot\spring-boot-autoconfigure\2.0.1.RELEASE\spring-boot-autoconfigure-2.0.1.RELEASE.jar;D:\javaEE\apache-maven-3.5.2-bin\maven_repository\maven_repository\org\mybatis\spring\boot\mybatis-spring-boot-starter\1.1.1\mybatis-spring-boot-starter-1.1.1.jar;D:\javaEE\apache-maven-3.5.2-bin\maven_repository\maven_repository\org\mybatis\spring\boot\mybatis-spring-boot-autoconfigure\1.1.1\mybatis-spring-boot-autoconfigure-1.1.1.jar;D:\javaEE\apache-maven-3.5.2-bin\maven_repository\maven_repository\org\mybatis\mybatis\3.4.0\mybatis-3.4.0.jar;D:\javaEE\apache-maven-3.5.2-bin\maven_repository\maven_repository\org\mybatis\mybatis-spring\1.3.0\mybatis-spring-1.3.0.jar;D:\javaEE\apache-maven-3.5.2-bin\maven_repository\maven_repository\org\springframework\boot\spring-boot-starter-jdbc\2.0.1.RELEASE\spring-boot-starter-jdbc-2.0.1.RELEASE.jar;D:\javaEE\apache-maven-3.5.2-bin\maven_repository\maven_repository\com\zaxxer\HikariCP\2.7.8\HikariCP-2.7.8.jar;D:\javaEE\apache-maven-3.5.2-bin\maven_repository\maven_repository\org\springframework\spring-jdbc\5.0.5.RELEASE\spring-jdbc-5.0.5.RELEASE.jar;D:\javaEE\apache-maven-3.5.2-bin\maven_repository\maven_repository\mysql\mysql-connector-java\5.1.46\mysql-connector-java-5.1.46.jar;D:\javaEE\ArcSoft_ArcFace_Java_Linux_x64_V3.0\libs\arcsoft-sdk-face-3.0.0.0.jar;"/>
    <property name="java.vm.vendor" value="Oracle Corporation"/>
    <property name="sun.arch.data.model" value="64"/>
    <property name="user.variant" value=""/>
    <property name="java.vendor.url" value="http://java.oracle.com/"/>
    <property name="user.timezone" value="GMT+08:00"/>
    <property name="java.vm.specification.version" value="1.8"/>
    <property name="os.name" value="Windows 8.1"/>
    <property name="user.country" value="SG"/>
    <property name="sun.java.launcher" value="SUN_STANDARD"/>
    <property name="sun.boot.library.path" value="D:\java\jdk\jre\bin"/>
    <property name="sun.java.command" value="C:\Users\zzz\AppData\Local\Temp\surefire8394223967128559094\surefirebooter8253406507424992370.jar C:\Users\zzz\AppData\Local\Temp\surefire8394223967128559094 2021-01-11T17-26-35_428-jvmRun1 surefire5841045561853689188tmp surefire_0105971411302993799tmp"/>
    <property name="surefire.test.class.path" value="D:\GitCode\webapp\webapp\save\target\test-classes;D:\GitCode\webapp\webapp\save\target\classes;D:\javaEE\apache-maven-3.5.2-bin\maven_repository\maven_repository\com\alibaba\fastjson\1.2.47\fastjson-1.2.47.jar;D:\javaEE\apache-maven-3.5.2-bin\maven_repository\maven_repository\org\springframework\boot\spring-boot-starter-data-redis\2.0.1.RELEASE\spring-boot-starter-data-redis-2.0.1.RELEASE.jar;D:\javaEE\apache-maven-3.5.2-bin\maven_repository\maven_repository\org\springframework\boot\spring-boot-starter\2.0.1.RELEASE\spring-boot-starter-2.0.1.RELEASE.jar;D:\javaEE\apache-maven-3.5.2-bin\maven_repository\maven_repository\org\springframework\boot\spring-boot-starter-logging\2.0.1.RELEASE\spring-boot-starter-logging-2.0.1.RELEASE.jar;D:\javaEE\apache-maven-3.5.2-bin\maven_repository\maven_repository\ch\qos\logback\logback-classic\1.2.3\logback-classic-1.2.3.jar;D:\javaEE\apache-maven-3.5.2-bin\maven_repository\maven_repository\ch\qos\logback\logback-core\1.2.3\logback-core-1.2.3.jar;D:\javaEE\apache-maven-3.5.2-bin\maven_repository\maven_repository\org\apache\logging\log4j\log4j-to-slf4j\2.10.0\log4j-to-slf4j-2.10.0.jar;D:\javaEE\apache-maven-3.5.2-bin\maven_repository\maven_repository\org\apache\logging\log4j\log4j-api\2.10.0\log4j-api-2.10.0.jar;D:\javaEE\apache-maven-3.5.2-bin\maven_repository\maven_repository\org\slf4j\jul-to-slf4j\1.7.25\jul-to-slf4j-1.7.25.jar;D:\javaEE\apache-maven-3.5.2-bin\maven_repository\maven_repository\javax\annotation\javax.annotation-api\1.3.2\javax.annotation-api-1.3.2.jar;D:\javaEE\apache-maven-3.5.2-bin\maven_repository\maven_repository\org\yaml\snakeyaml\1.19\snakeyaml-1.19.jar;D:\javaEE\apache-maven-3.5.2-bin\maven_repository\maven_repository\org\springframework\data\spring-data-redis\2.0.6.RELEASE\spring-data-redis-2.0.6.RELEASE.jar;D:\javaEE\apache-maven-3.5.2-bin\maven_repository\maven_repository\org\springframework\data\spring-data-keyvalue\2.0.6.RELEASE\spring-data-keyvalue-2.0.6.RELEASE.jar;D:\javaEE\apache-maven-3.5.2-bin\maven_repository\maven_repository\org\springframework\data\spring-data-commons\2.0.6.RELEASE\spring-data-commons-2.0.6.RELEASE.jar;D:\javaEE\apache-maven-3.5.2-bin\maven_repository\maven_repository\org\springframework\spring-tx\5.0.5.RELEASE\spring-tx-5.0.5.RELEASE.jar;D:\javaEE\apache-maven-3.5.2-bin\maven_repository\maven_repository\org\springframework\spring-oxm\5.0.5.RELEASE\spring-oxm-5.0.5.RELEASE.jar;D:\javaEE\apache-maven-3.5.2-bin\maven_repository\maven_repository\org\springframework\spring-aop\5.0.5.RELEASE\spring-aop-5.0.5.RELEASE.jar;D:\javaEE\apache-maven-3.5.2-bin\maven_repository\maven_repository\org\springframework\spring-context-support\5.0.5.RELEASE\spring-context-support-5.0.5.RELEASE.jar;D:\javaEE\apache-maven-3.5.2-bin\maven_repository\maven_repository\org\slf4j\slf4j-api\1.7.25\slf4j-api-1.7.25.jar;D:\javaEE\apache-maven-3.5.2-bin\maven_repository\maven_repository\io\lettuce\lettuce-core\5.0.3.RELEASE\lettuce-core-5.0.3.RELEASE.jar;D:\javaEE\apache-maven-3.5.2-bin\maven_repository\maven_repository\io\projectreactor\reactor-core\3.1.6.RELEASE\reactor-core-3.1.6.RELEASE.jar;D:\javaEE\apache-maven-3.5.2-bin\maven_repository\maven_repository\org\reactivestreams\reactive-streams\1.0.2\reactive-streams-1.0.2.jar;D:\javaEE\apache-maven-3.5.2-bin\maven_repository\maven_repository\io\netty\netty-common\4.1.23.Final\netty-common-4.1.23.Final.jar;D:\javaEE\apache-maven-3.5.2-bin\maven_repository\maven_repository\io\netty\netty-transport\4.1.23.Final\netty-transport-4.1.23.Final.jar;D:\javaEE\apache-maven-3.5.2-bin\maven_repository\maven_repository\io\netty\netty-buffer\4.1.23.Final\netty-buffer-4.1.23.Final.jar;D:\javaEE\apache-maven-3.5.2-bin\maven_repository\maven_repository\io\netty\netty-resolver\4.1.23.Final\netty-resolver-4.1.23.Final.jar;D:\javaEE\apache-maven-3.5.2-bin\maven_repository\maven_repository\io\netty\netty-handler\4.1.23.Final\netty-handler-4.1.23.Final.jar;D:\javaEE\apache-maven-3.5.2-bin\maven_repository\maven_repository\io\netty\netty-codec\4.1.23.Final\netty-codec-4.1.23.Final.jar;D:\javaEE\apache-maven-3.5.2-bin\maven_repository\maven_repository\org\springframework\boot\spring-boot-starter-web\2.0.1.RELEASE\spring-boot-starter-web-2.0.1.RELEASE.jar;D:\javaEE\apache-maven-3.5.2-bin\maven_repository\maven_repository\org\springframework\boot\spring-boot-starter-json\2.0.1.RELEASE\spring-boot-starter-json-2.0.1.RELEASE.jar;D:\javaEE\apache-maven-3.5.2-bin\maven_repository\maven_repository\com\fasterxml\jackson\core\jackson-databind\2.9.5\jackson-databind-2.9.5.jar;D:\javaEE\apache-maven-3.5.2-bin\maven_repository\maven_repository\com\fasterxml\jackson\core\jackson-annotations\2.9.0\jackson-annotations-2.9.0.jar;D:\javaEE\apache-maven-3.5.2-bin\maven_repository\maven_repository\com\fasterxml\jackson\core\jackson-core\2.9.5\jackson-core-2.9.5.jar;D:\javaEE\apache-maven-3.5.2-bin\maven_repository\maven_repository\com\fasterxml\jackson\datatype\jackson-datatype-jdk8\2.9.5\jackson-datatype-jdk8-2.9.5.jar;D:\javaEE\apache-maven-3.5.2-bin\maven_repository\maven_repository\com\fasterxml\jackson\datatype\jackson-datatype-jsr310\2.9.5\jackson-datatype-jsr310-2.9.5.jar;D:\javaEE\apache-maven-3.5.2-bin\maven_repository\maven_repository\com\fasterxml\jackson\module\jackson-module-parameter-names\2.9.5\jackson-module-parameter-names-2.9.5.jar;D:\javaEE\apache-maven-3.5.2-bin\maven_repository\maven_repository\org\springframework\boot\spring-boot-starter-tomcat\2.0.1.RELEASE\spring-boot-starter-tomcat-2.0.1.RELEASE.jar;D:\javaEE\apache-maven-3.5.2-bin\maven_repository\maven_repository\org\apache\tomcat\embed\tomcat-embed-core\8.5.29\tomcat-embed-core-8.5.29.jar;D:\javaEE\apache-maven-3.5.2-bin\maven_repository\maven_repository\org\apache\tomcat\embed\tomcat-embed-el\8.5.29\tomcat-embed-el-8.5.29.jar;D:\javaEE\apache-maven-3.5.2-bin\maven_repository\maven_repository\org\apache\tomcat\embed\tomcat-embed-websocket\8.5.29\tomcat-embed-websocket-8.5.29.jar;D:\javaEE\apache-maven-3.5.2-bin\maven_repository\maven_repository\org\hibernate\validator\hibernate-validator\6.0.9.Final\hibernate-validator-6.0.9.Final.jar;D:\javaEE\apache-maven-3.5.2-bin\maven_repository\maven_repository\javax\validation\validation-api\2.0.1.Final\validation-api-2.0.1.Final.jar;D:\javaEE\apache-maven-3.5.2-bin\maven_repository\maven_repository\org\jboss\logging\jboss-logging\3.3.2.Final\jboss-logging-3.3.2.Final.jar;D:\javaEE\apache-maven-3.5.2-bin\maven_repository\maven_repository\com\fasterxml\classmate\1.3.4\classmate-1.3.4.jar;D:\javaEE\apache-maven-3.5.2-bin\maven_repository\maven_repository\org\springframework\spring-web\5.0.5.RELEASE\spring-web-5.0.5.RELEASE.jar;D:\javaEE\apache-maven-3.5.2-bin\maven_repository\maven_repository\org\springframework\spring-beans\5.0.5.RELEASE\spring-beans-5.0.5.RELEASE.jar;D:\javaEE\apache-maven-3.5.2-bin\maven_repository\maven_repository\org\springframework\spring-webmvc\5.0.5.RELEASE\spring-webmvc-5.0.5.RELEASE.jar;D:\javaEE\apache-maven-3.5.2-bin\maven_repository\maven_repository\org\springframework\spring-context\5.0.5.RELEASE\spring-context-5.0.5.RELEASE.jar;D:\javaEE\apache-maven-3.5.2-bin\maven_repository\maven_repository\org\springframework\spring-expression\5.0.5.RELEASE\spring-expression-5.0.5.RELEASE.jar;D:\javaEE\apache-maven-3.5.2-bin\maven_repository\maven_repository\org\springframework\boot\spring-boot-starter-test\2.0.1.RELEASE\spring-boot-starter-test-2.0.1.RELEASE.jar;D:\javaEE\apache-maven-3.5.2-bin\maven_repository\maven_repository\org\springframework\boot\spring-boot-test\2.0.1.RELEASE\spring-boot-test-2.0.1.RELEASE.jar;D:\javaEE\apache-maven-3.5.2-bin\maven_repository\maven_repository\org\springframework\boot\spring-boot-test-autoconfigure\2.0.1.RELEASE\spring-boot-test-autoconfigure-2.0.1.RELEASE.jar;D:\javaEE\apache-maven-3.5.2-bin\maven_repository\maven_repository\com\jayway\jsonpath\json-path\2.4.0\json-path-2.4.0.jar;D:\javaEE\apache-maven-3.5.2-bin\maven_repository\maven_repository\net\minidev\json-smart\2.3\json-smart-2.3.jar;D:\javaEE\apache-maven-3.5.2-bin\maven_repository\maven_repository\net\minidev\accessors-smart\1.2\accessors-smart-1.2.jar;D:\javaEE\apache-maven-3.5.2-bin\maven_repository\maven_repository\org\ow2\asm\asm\5.0.4\asm-5.0.4.jar;D:\javaEE\apache-maven-3.5.2-bin\maven_repository\maven_repository\junit\junit\4.12\junit-4.12.jar;D:\javaEE\apache-maven-3.5.2-bin\maven_repository\maven_repository\org\assertj\assertj-core\3.9.1\assertj-core-3.9.1.jar;D:\javaEE\apache-maven-3.5.2-bin\maven_repository\maven_repository\org\mockito\mockito-core\2.15.0\mockito-core-2.15.0.jar;D:\javaEE\apache-maven-3.5.2-bin\maven_repository\maven_repository\net\bytebuddy\byte-buddy\1.7.11\byte-buddy-1.7.11.jar;D:\javaEE\apache-maven-3.5.2-bin\maven_repository\maven_repository\net\bytebuddy\byte-buddy-agent\1.7.11\byte-buddy-agent-1.7.11.jar;D:\javaEE\apache-maven-3.5.2-bin\maven_repository\maven_repository\org\objenesis\objenesis\2.6\objenesis-2.6.jar;D:\javaEE\apache-maven-3.5.2-bin\maven_repository\maven_repository\org\hamcrest\hamcrest-core\1.3\hamcrest-core-1.3.jar;D:\javaEE\apache-maven-3.5.2-bin\maven_repository\maven_repository\org\hamcrest\hamcrest-library\1.3\hamcrest-library-1.3.jar;D:\javaEE\apache-maven-3.5.2-bin\maven_repository\maven_repository\org\skyscreamer\jsonassert\1.5.0\jsonassert-1.5.0.jar;D:\javaEE\apache-maven-3.5.2-bin\maven_repository\maven_repository\com\vaadin\external\google\android-json\0.0.20131108.vaadin1\android-json-0.0.20131108.vaadin1.jar;D:\javaEE\apache-maven-3.5.2-bin\maven_repository\maven_repository\org\springframework\spring-core\5.0.5.RELEASE\spring-core-5.0.5.RELEASE.jar;D:\javaEE\apache-maven-3.5.2-bin\maven_repository\maven_repository\org\springframework\spring-jcl\5.0.5.RELEASE\spring-jcl-5.0.5.RELEASE.jar;D:\javaEE\apache-maven-3.5.2-bin\maven_repository\maven_repository\org\springframework\spring-test\5.0.5.RELEASE\spring-test-5.0.5.RELEASE.jar;D:\javaEE\apache-maven-3.5.2-bin\maven_repository\maven_repository\org\xmlunit\xmlunit-core\2.5.1\xmlunit-core-2.5.1.jar;D:\javaEE\apache-maven-3.5.2-bin\maven_repository\maven_repository\org\springframework\boot\spring-boot-devtools\2.0.1.RELEASE\spring-boot-devtools-2.0.1.RELEASE.jar;D:\javaEE\apache-maven-3.5.2-bin\maven_repository\maven_repository\org\springframework\boot\spring-boot\2.0.1.RELEASE\spring-boot-2.0.1.RELEASE.jar;D:\javaEE\apache-maven-3.5.2-bin\maven_repository\maven_repository\org\springframework\boot\spring-boot-autoconfigure\2.0.1.RELEASE\spring-boot-autoconfigure-2.0.1.RELEASE.jar;D:\javaEE\apache-maven-3.5.2-bin\maven_repository\maven_repository\org\mybatis\spring\boot\mybatis-spring-boot-starter\1.1.1\mybatis-spring-boot-starter-1.1.1.jar;D:\javaEE\apache-maven-3.5.2-bin\maven_repository\maven_repository\org\mybatis\spring\boot\mybatis-spring-boot-autoconfigure\1.1.1\mybatis-spring-boot-autoconfigure-1.1.1.jar;D:\javaEE\apache-maven-3.5.2-bin\maven_repository\maven_repository\org\mybatis\mybatis\3.4.0\mybatis-3.4.0.jar;D:\javaEE\apache-maven-3.5.2-bin\maven_repository\maven_repository\org\mybatis\mybatis-spring\1.3.0\mybatis-spring-1.3.0.jar;D:\javaEE\apache-maven-3.5.2-bin\maven_repository\maven_repository\org\springframework\boot\spring-boot-starter-jdbc\2.0.1.RELEASE\spring-boot-starter-jdbc-2.0.1.RELEASE.jar;D:\javaEE\apache-maven-3.5.2-bin\maven_repository\maven_repository\com\zaxxer\HikariCP\2.7.8\HikariCP-2.7.8.jar;D:\javaEE\apache-maven-3.5.2-bin\maven_repository\maven_repository\org\springframework\spring-jdbc\5.0.5.RELEASE\spring-jdbc-5.0.5.RELEASE.jar;D:\javaEE\apache-maven-3.5.2-bin\maven_repository\maven_repository\mysql\mysql-connector-java\5.1.46\mysql-connector-java-5.1.46.jar;D:\javaEE\ArcSoft_ArcFace_Java_Linux_x64_V3.0\libs\arcsoft-sdk-face-3.0.0.0.jar;"/>
    <property name="sun.cpu.endian" value="little"/>
    <property name="user.home" value="C:\Users\zzz"/>
    <property name="user.language" value="zh"/>
    <property name="java.specification.vendor" value="Oracle Corporation"/>
    <property name="java.home" value="D:\java\jdk\jre"/>
    <property name="basedir" value="D:\GitCode\webapp\webapp\save"/>
    <property name="file.separator" value="\"/>
    <property name="line.separator" value="&#10;"/>
    <property name="java.vm.specification.vendor" value="Oracle Corporation"/>
    <property name="java.specification.name" value="Java Platform API Specification"/>
    <property name="java.awt.graphicsenv" value="sun.awt.Win32GraphicsEnvironment"/>
    <property name="surefire.real.class.path" value="C:\Users\zzz\AppData\Local\Temp\surefire8394223967128559094\surefirebooter8253406507424992370.jar"/>
    <property name="sun.boot.class.path" value="D:\java\jdk\jre\lib\resources.jar;D:\java\jdk\jre\lib\rt.jar;D:\java\jdk\jre\lib\sunrsasign.jar;D:\java\jdk\jre\lib\jsse.jar;D:\java\jdk\jre\lib\jce.jar;D:\java\jdk\jre\lib\charsets.jar;D:\java\jdk\jre\lib\jfr.jar;D:\java\jdk\jre\classes"/>
    <property name="user.script" value=""/>
    <property name="sun.management.compiler" value="HotSpot 64-Bit Tiered Compilers"/>
    <property name="java.runtime.version" value="1.8.0_51-b16"/>
    <property name="user.name" value="zzz"/>
    <property name="path.separator" value=";"/>
    <property name="os.version" value="6.3"/>
    <property name="java.endorsed.dirs" value="D:\java\jdk\jre\lib\endorsed"/>
    <property name="java.runtime.name" value="Java(TM) SE Runtime Environment"/>
    <property name="file.encoding" value="GBK"/>
    <property name="java.vm.name" value="Java HotSpot(TM) 64-Bit Server VM"/>
    <property name="localRepository" value="D:\javaEE\apache-maven-3.5.2-bin\maven_repository\maven_repository"/>
    <property name="java.vendor.url.bug" value="http://bugreport.sun.com/bugreport/"/>
    <property name="java.io.tmpdir" value="C:\Users\zzz\AppData\Local\Temp\"/>
    <property name="java.version" value="1.8.0_51"/>
    <property name="user.dir" value="D:\GitCode\webapp\webapp\save"/>
    <property name="os.arch" value="amd64"/>
    <property name="java.vm.specification.name" value="Java Virtual Machine Specification"/>
    <property name="java.awt.printerjob" value="sun.awt.windows.WPrinterJob"/>
    <property name="idea.version2019.3.1" value="true"/>
    <property name="sun.os.patch.level" value=""/>
    <property name="java.library.path" value="D:\java\jdk\jre\bin;C:\WINDOWS\Sun\Java\bin;C:\WINDOWS\system32;C:\WINDOWS;C:\Program Files\NVIDIA GPU Computing Toolkit\CUDA\v10.2\bin;C:\Program Files\NVIDIA GPU Computing Toolkit\CUDA\v10.2\libnvvp;C:\ch4;D:\下载文件\win64\bin;C:\;rogram Files\NVIDIA GPU Computing Toolkit\CUDA\v10.1\bin;C:\Program Files\NVIDIA GPU Computing Toolkit\CUDA\v10.1\libnvvp;C:\Program Files (x86)\Intel\iCLS Client\;C:\Program Files\Intel\iCLS Client\;C:\windows\system32;C:\windows;C:\windows\System32\Wbem;C:\windows\System32\WindowsPowerShell\v1.0\;C:\Program Files (x86)\Intel\Intel(R) Management Engine Components\DAL;C:\Program Files\Intel\Intel(R) Management Engine Components\DAL;C:\Program Files (x86)\Intel\Intel(R) Management Engine Components\IPT;C:\Program Files\Intel\Intel(R) Management Engine Components\IPT;C:\Program Files (x86)\NVIDIA Corporation\PhysX\Common;D:\java\jdk\bin;D:\java\jdk\jre\bin;C:\WINDOWS\system32;C:\WINDOWS;C:\WINDOWS\System32\Wbem;C:\WINDOWS\System32\WindowsPowerShell\v1.0\;C:\WINDOWS\System32\OpenSSH\;D:\CUDA;C:\Program Files\NVIDIA Corporation\NVIDIA NvDLISR;D:\LINGO10\;C:\WINDOWS\system32;C:\WINDOWS;C:\WINDOWS\System32\Wbem;C:\WINDOWS\System32\WindowsPowerShell\v1.0\;C:\WINDOWS\System32\OpenSSH\;D:\mysql-8.0.18-winx64\bin;D:\Git\cmd;D:\javaEE\apache-maven-3.5.2-bin\apache-maven-3.5.2\bin;D:\javaEE\SqlServer\SqlServerX86\110\Tools\Binn\;D:\javaEE\SqlServer\110\Tools\Binn\;D:\javaEE\SqlServer\110\DTS\Binn\;D:\javaEE\BigData\hadoop-2.7.2\hadoop-2.7.2\bin;D:\javaEE\nodejs\;C:\Users\zzz\AppData\Local\Android\Sdk\platform-tools;D:\javaEE\SVN\bin;D:\javaEE\SVNClient\bin;D:\Desktop\matlab\runtime\win64;D:\Desktop\matlab\bin;D:\Desktop\matlab\polyspace\bin;D:\Anaconda3;D:\Anaconda3\Library\mingw-w64\bin;D:\Anaconda3\Library\usr\bin;D:\Anaconda3\Library\bin;D:\Anaconda3\Scripts;C:\Users\zzz\AppData\Local\Programs\Python\Python37-32\Scripts\;C:\Users\zzz\AppData\Local\Programs\Python\Python37-32\;C:\Users\zzz\AppData\Local\Microsoft\WindowsApps;D:\python\PyCharm Edu 2019.1.1\bin;;D:\Bandizip\;D:\python\PyCharm 2019.3.1\bin;;D:\java\IntelliJ IDEA 2019.3.1\bin;;C:\Users\zzz\AppData\Roaming\npm;D:\scala\scala-2.11.8\scala-2.11.8\bin;;."/>
    <property name="java.vm.info" value="mixed mode"/>
    <property name="java.vendor" value="Oracle Corporation"/>
    <property name="java.vm.version" value="25.51-b03"/>
    <property name="java.ext.dirs" value="D:\java\jdk\jre\lib\ext;C:\WINDOWS\Sun\Java\lib\ext"/>
    <property name="sun.io.unicode.encoding" value="UnicodeLittle"/>
    <property name="java.class.version" value="52.0"/>
  </properties>
  <testcase name="contextLoads" classname="com.save.SpringbootMybatisApplicationTests" time="1.298"/>
</testsuite>